<?xml version="1.0" encoding="UTF-8"?>
<!-- Generated by org.testng.reporters.JUnitReportReporter -->
<testsuite hostname="DESKTOP-EQGDIG6" failures="0" tests="1" name="testCases.JobSearchTest" time="13.044" errors="0" timestamp="2025-02-28T16:10:02 IST" skipped="0">
  <testcase classname="testCases.JobSearchTest" name="testJobSearch" time="13.044"/>
</testsuite> <!-- testCases.JobSearchTest -->
