<?xml version="1.0" encoding="UTF-8"?>
<!-- Generated by org.testng.reporters.JUnitReportReporter -->
<testsuite hostname="DESKTOP-EQGDIG6" failures="0" tests="1" name="testCases.LogOutTest" time="8.784" errors="0" timestamp="2025-03-02T12:53:42 IST" skipped="0">
  <testcase classname="testCases.LogOutTest" name="testLogOut" time="8.784"/>
</testsuite> <!-- testCases.LogOutTest -->
