<?xml version="1.0" encoding="UTF-8"?>
<!-- Generated by org.testng.reporters.JUnitReportReporter -->
<testsuite hostname="DESKTOP-EQGDIG6" failures="0" tests="1" name="testCases.ProfileTest" time="23.414" errors="0" timestamp="2025-03-01T13:52:29 IST" skipped="0">
  <testcase classname="testCases.ProfileTest" name="testNaukriNavigation" time="23.414"/>
</testsuite> <!-- testCases.ProfileTest -->
