<?xml version="1.0" encoding="UTF-8"?>
<!-- Generated by org.testng.reporters.JUnitReportReporter -->
<testsuite hostname="DESKTOP-EQGDIG6" failures="0" tests="1" name="testCases.JobSearchTest" time="9.885" errors="0" timestamp="2025-02-26T17:14:20 IST" skipped="0">
  <testcase classname="testCases.JobSearchTest" name="testJobSearch" time="9.885"/>
</testsuite> <!-- testCases.JobSearchTest -->
