<?xml version="1.0" encoding="UTF-8"?>
<!-- Generated by org.testng.reporters.JUnitReportReporter -->
<testsuite hostname="DESKTOP-EQGDIG6" failures="0" tests="1" name="testCases.LoginTest" time="6.762" errors="0" timestamp="2025-03-01T13:52:29 IST" skipped="0">
  <testcase classname="testCases.LoginTest" name="testvalidLogin" time="6.762"/>
</testsuite> <!-- testCases.LoginTest -->
