<?xml version="1.0" encoding="UTF-8"?>
<!-- Generated by org.testng.reporters.JUnitReportReporter -->
<testsuite hostname="DESKTOP-EQGDIG6" failures="0" tests="1" name="testCases.ResumeUploadTest" time="23.049" errors="0" timestamp="2025-03-02T16:29:28 IST" skipped="0">
  <testcase classname="testCases.ResumeUploadTest" name="testResumeUpload" time="23.049"/>
</testsuite> <!-- testCases.ResumeUploadTest -->
