<?xml version="1.0" encoding="UTF-8"?>
<!-- Generated by org.testng.reporters.JUnitReportReporter -->
<testsuite hostname="DESKTOP-EQGDIG6" failures="0" tests="1" name="testCases.LoginTest" time="6.682" errors="0" timestamp="2025-02-26T17:14:20 IST" skipped="0">
  <testcase classname="testCases.LoginTest" name="testvalidLogin" time="6.682"/>
</testsuite> <!-- testCases.LoginTest -->
