<?xml version="1.0" encoding="UTF-8"?>
<!-- Generated by org.testng.reporters.JUnitReportReporter -->
<testsuite hostname="DESKTOP-EQGDIG6" failures="0" tests="1" name="regressionTests.E2EjobSeachTest" time="49.206" errors="0" timestamp="2025-03-03T14:54:53 IST" skipped="0">
  <testcase classname="regressionTests.E2EjobSeachTest" name="jobSearchE2E" time="49.206"/>
</testsuite> <!-- regressionTests.E2EjobSeachTest -->
